f:\documents\visual studio 2013\projects\matchfouralphabeta\matchfouralphabeta\debug\vc120.pdb
f:\documents\visual studio 2013\projects\matchfouralphabeta\matchfouralphabeta\debug\vc120.idb
f:\documents\visual studio 2013\projects\matchfouralphabeta\matchfouralphabeta\debug\state.obj
f:\documents\visual studio 2013\projects\matchfouralphabeta\matchfouralphabeta\debug\alphabeta.obj
f:\documents\visual studio 2013\projects\matchfouralphabeta\matchfouralphabeta\debug\main.obj
f:\documents\visual studio 2013\projects\matchfouralphabeta\debug\matchfouralphabeta.pdb
f:\documents\visual studio 2013\projects\matchfouralphabeta\matchfouralphabeta\debug\matchfou.7dd2ed4f.tlog\cl.command.1.tlog
f:\documents\visual studio 2013\projects\matchfouralphabeta\matchfouralphabeta\debug\matchfou.7dd2ed4f.tlog\cl.read.1.tlog
f:\documents\visual studio 2013\projects\matchfouralphabeta\matchfouralphabeta\debug\matchfou.7dd2ed4f.tlog\cl.write.1.tlog
f:\documents\visual studio 2013\projects\matchfouralphabeta\matchfouralphabeta\debug\matchfou.7dd2ed4f.tlog\link-cvtres.read.1.tlog
f:\documents\visual studio 2013\projects\matchfouralphabeta\matchfouralphabeta\debug\matchfou.7dd2ed4f.tlog\link-cvtres.write.1.tlog
f:\documents\visual studio 2013\projects\matchfouralphabeta\matchfouralphabeta\debug\matchfou.7dd2ed4f.tlog\link-rc.read.1.tlog
f:\documents\visual studio 2013\projects\matchfouralphabeta\matchfouralphabeta\debug\matchfou.7dd2ed4f.tlog\link-rc.write.1.tlog
f:\documents\visual studio 2013\projects\matchfouralphabeta\matchfouralphabeta\debug\matchfou.7dd2ed4f.tlog\link.7112-cvtres.read.1.tlog
f:\documents\visual studio 2013\projects\matchfouralphabeta\matchfouralphabeta\debug\matchfou.7dd2ed4f.tlog\link.7112-cvtres.write.1.tlog
f:\documents\visual studio 2013\projects\matchfouralphabeta\matchfouralphabeta\debug\matchfou.7dd2ed4f.tlog\link.7112-rc.read.1.tlog
f:\documents\visual studio 2013\projects\matchfouralphabeta\matchfouralphabeta\debug\matchfou.7dd2ed4f.tlog\link.7112-rc.write.1.tlog
f:\documents\visual studio 2013\projects\matchfouralphabeta\matchfouralphabeta\debug\matchfou.7dd2ed4f.tlog\link.7112.read.1.tlog
f:\documents\visual studio 2013\projects\matchfouralphabeta\matchfouralphabeta\debug\matchfou.7dd2ed4f.tlog\link.7112.write.1.tlog
f:\documents\visual studio 2013\projects\matchfouralphabeta\matchfouralphabeta\debug\matchfou.7dd2ed4f.tlog\link.command.1.tlog
f:\documents\visual studio 2013\projects\matchfouralphabeta\matchfouralphabeta\debug\matchfou.7dd2ed4f.tlog\link.read.1.tlog
f:\documents\visual studio 2013\projects\matchfouralphabeta\matchfouralphabeta\debug\matchfou.7dd2ed4f.tlog\link.write.1.tlog
